[debug] [2020-01-23T19:58:44.568Z] ----------------------------------------------------------------------
[debug] [2020-01-23T19:58:44.570Z] Command:       C:\Program Files\nodejs\node.exe C:\Users\knightss\AppData\Roaming\npm\node_modules\firebase-tools\lib\bin\firebase.js serve
[debug] [2020-01-23T19:58:44.570Z] CLI Version:   7.10.0
[debug] [2020-01-23T19:58:44.571Z] Platform:      win32
[debug] [2020-01-23T19:58:44.571Z] Node Version:  v12.13.1
[debug] [2020-01-23T19:58:44.573Z] Time:          Thu Jan 23 2020 11:58:44 GMT-0800 (Pacific Standard Time)
[debug] [2020-01-23T19:58:44.574Z] ----------------------------------------------------------------------
[debug] [2020-01-23T19:58:44.574Z] 
[debug] [2020-01-23T19:58:44.599Z] > command requires scopes: ["email","openid","https://www.googleapis.com/auth/cloudplatformprojects.readonly","https://www.googleapis.com/auth/firebase","https://www.googleapis.com/auth/cloud-platform"]
[debug] [2020-01-23T19:58:44.600Z] > authorizing via signed-in user
[debug] [2020-01-23T19:58:44.600Z] [iam] checking project jonapp-2 for permissions ["firebase.projects.get"]
[debug] [2020-01-23T19:58:44.601Z] > refreshing access token with scopes: ["email","https://www.googleapis.com/auth/cloud-platform","https://www.googleapis.com/auth/cloudplatformprojects.readonly","https://www.googleapis.com/auth/firebase","openid"]
[debug] [2020-01-23T19:58:44.602Z] >>> HTTP REQUEST POST https://www.googleapis.com/oauth2/v3/token  
 <request body omitted>
[debug] [2020-01-23T19:58:44.732Z] <<< HTTP RESPONSE 200
[debug] [2020-01-23T19:58:44.747Z] >>> HTTP REQUEST POST https://cloudresourcemanager.googleapis.com/v1/projects/jonapp-2:testIamPermissions  

[debug] [2020-01-23T19:58:44.906Z] <<< HTTP RESPONSE 200
[debug] [2020-01-23T19:58:44.908Z] >>> HTTP REQUEST GET https://firebase.googleapis.com/v1beta1/projects/jonapp-2  
 
[debug] [2020-01-23T19:58:45.170Z] <<< HTTP RESPONSE 200
[info] 
[info] === Serving from 'C:\Users\knightss\Desktop\jonapp2'...
[info] 
[debug] [2020-01-23T19:58:45.179Z] >>> HTTP REQUEST GET https://firebase.googleapis.com/v1beta1/projects/jonapp-2/webApps/-/config  
 
[debug] [2020-01-23T19:58:45.782Z] <<< HTTP RESPONSE 200
[info] i  hosting: Serving hosting files from: public
[info] +  hosting: Local server: http://localhost:5000
[warn] !  Your requested "node" version "8" doesn't match your global version "12"
[info] +  functions: Emulator started at http://localhost:5001
[info] i  functions: Watching "C:\Users\knightss\Desktop\jonapp2\functions" for Cloud Functions...
[debug] [2020-01-23T19:58:46.839Z] [worker-~diagnostic~-3568a35c-1d1e-4fcb-9ff1-4c29b816d407]: Assigning socketPath: \\?\pipe\C:\Users\knightss\Desktop\jonapp2\functions\668
[debug] [2020-01-23T19:58:46.839Z] [worker-~diagnostic~-3568a35c-1d1e-4fcb-9ff1-4c29b816d407]: BUSY
[debug] [2020-01-23T19:58:47.512Z] [runtime-status] [668] Functions runtime initialized. {"cwd":"C:\\Users\\knightss\\Desktop\\jonapp2\\functions","node_version":"12.13.1"}
[debug] [2020-01-23T19:58:47.513Z] [runtime-status] [668] Disabled runtime features: {"functions_config_helper":true,"network_filtering":true,"timeout":true,"memory_limiting":true,"admin_stubs":true,"pubsub_emulator":true}
[warn] !  The Cloud Functions emulator requires the module "firebase-admin" to be installed. This package is in your package.json, but it's not available. You probably need to run "npm install" in your functions directory.
[info] i  functions: Your functions could not be parsed due to an issue with your node_modules (see above)
[debug] [2020-01-23T19:58:47.554Z] [worker-~diagnostic~-3568a35c-1d1e-4fcb-9ff1-4c29b816d407]: exited
[debug] [2020-01-23T19:58:47.554Z] [worker-~diagnostic~-3568a35c-1d1e-4fcb-9ff1-4c29b816d407]: FINISHED
